<?xml version="1.0" encoding="UTF-8"?>
<!-- Generated by org.testng.reporters.JUnitXMLReporter -->
<testsuite hostname="IPIX-DESK-05" name="Test" tests="4" failures="0" timestamp="29 Jul 2020 07:29:52 GMT" time="7.929" errors="0">
  <testcase name="@BeforeTest initialize" time="0.0" classname="Academy.Homepage">
    <failure type="org.openqa.selenium.SessionNotCreatedException" message="session not created
from disconnected: Unable to receive message from renderer
  (Session info: chrome=84.0.4147.89)
Build info: version: &amp;apos;3.141.59&amp;apos;, revision: &amp;apos;e82be7d358&amp;apos;, time: &amp;apos;2018-11-14T08:17:03&amp;apos;
System info: host: &amp;apos;IPIX-DESK-05&amp;apos;, ip: &amp;apos;192.168.1.3&amp;apos;, os.name: &amp;apos;Windows 7&amp;apos;, os.arch: &amp;apos;x86&amp;apos;, os.version: &amp;apos;6.1&amp;apos;, java.version: &amp;apos;1.8.0_181&amp;apos;
Driver info: driver.version: ChromeDriver
remote stacktrace: Backtrace:
	Ordinal0 [0x00599563+2725219]
	Ordinal0 [0x00498551+1672529]
	Ordinal0 [0x00380359+525145]
	Ordinal0 [0x00377AC7+490183]
	Ordinal0 [0x00376EFE+487166]
	Ordinal0 [0x00377135+487733]
	Ordinal0 [0x00376B75+486261]
	Ordinal0 [0x0037F055+520277]
	Ordinal0 [0x00376B32+486194]
	Ordinal0 [0x00377739+489273]
	Ordinal0 [0x00376EFE+487166]
	Ordinal0 [0x00377135+487733]
	Ordinal0 [0x00376B75+486261]
	Ordinal0 [0x0037D83E+514110]
	Ordinal0 [0x00376B32+486194]
	Ordinal0 [0x00377739+489273]
	Ordinal0 [0x00376EFE+487166]
	Ordinal0 [0x00377135+487733]
	Ordinal0 [0x00376B75+486261]
	Ordinal0 [0x0037BBF6+506870]
	Ordinal0 [0x00376B32+486194]
	Ordinal0 [0x00377739+489273]
	Ordinal0 [0x00376EFE+487166]
	Ordinal0 [0x00377135+487733]
	Ordinal0 [0x00376B75+486261]
	Ordinal0 [0x0037B1B7+504247]
	Ordinal0 [0x00376B32+486194]
	Ordinal0 [0x00377739+489273]
	Ordinal0 [0x00376EFE+487166]
	Ordinal0 [0x00377135+487733]
	Ordinal0 [0x00376B75+486261]
	Ordinal0 [0x0037337C+471932]
	Ordinal0 [0x00376B32+486194]
	Ordinal0 [0x00376A87+486023]
	Ordinal0 [0x00380FF0+528368]
	Ordinal0 [0x0032D6C9+186057]
	Ordinal0 [0x0032CA3D+182845]
	Ordinal0 [0x0032A94B+174411]
	Ordinal0 [0x00312528+75048]
	Ordinal0 [0x003135A0+79264]
	Ordinal0 [0x00313539+79161]
	Ordinal0 [0x004AD607+1758727]
	GetHandleVerifier [0x006B6546+1050150]
	GetHandleVerifier [0x006B6291+1049457]
	GetHandleVerifier [0x006C10D7+1094071]
	GetHandleVerifier [0x006B6B46+1051686]
	Ordinal0 [0x004A5B06+1727238]
	Ordinal0 [0x004AEB7B+1764219]
	Ordinal0 [0x004AECE3+1764579]
	Ordinal0 [0x004C4C05+1854469]
	BaseThreadInitThunk [0x75AFED6C+18]
	RtlInitializeExceptionChain [0x777737F5+239]
	RtlInitializeExceptionChain [0x777737C8+194]
">
      <![CDATA[org.openqa.selenium.SessionNotCreatedException: session not created
from disconnected: Unable to receive message from renderer
  (Session info: chrome=84.0.4147.89)
Build info: version: '3.141.59', revision: 'e82be7d358', time: '2018-11-14T08:17:03'
System info: host: 'IPIX-DESK-05', ip: '192.168.1.3', os.name: 'Windows 7', os.arch: 'x86', os.version: '6.1', java.version: '1.8.0_181'
Driver info: driver.version: ChromeDriver
remote stacktrace: Backtrace:
	Ordinal0 [0x00599563+2725219]
	Ordinal0 [0x00498551+1672529]
	Ordinal0 [0x00380359+525145]
	Ordinal0 [0x00377AC7+490183]
	Ordinal0 [0x00376EFE+487166]
	Ordinal0 [0x00377135+487733]
	Ordinal0 [0x00376B75+486261]
	Ordinal0 [0x0037F055+520277]
	Ordinal0 [0x00376B32+486194]
	Ordinal0 [0x00377739+489273]
	Ordinal0 [0x00376EFE+487166]
	Ordinal0 [0x00377135+487733]
	Ordinal0 [0x00376B75+486261]
	Ordinal0 [0x0037D83E+514110]
	Ordinal0 [0x00376B32+486194]
	Ordinal0 [0x00377739+489273]
	Ordinal0 [0x00376EFE+487166]
	Ordinal0 [0x00377135+487733]
	Ordinal0 [0x00376B75+486261]
	Ordinal0 [0x0037BBF6+506870]
	Ordinal0 [0x00376B32+486194]
	Ordinal0 [0x00377739+489273]
	Ordinal0 [0x00376EFE+487166]
	Ordinal0 [0x00377135+487733]
	Ordinal0 [0x00376B75+486261]
	Ordinal0 [0x0037B1B7+504247]
	Ordinal0 [0x00376B32+486194]
	Ordinal0 [0x00377739+489273]
	Ordinal0 [0x00376EFE+487166]
	Ordinal0 [0x00377135+487733]
	Ordinal0 [0x00376B75+486261]
	Ordinal0 [0x0037337C+471932]
	Ordinal0 [0x00376B32+486194]
	Ordinal0 [0x00376A87+486023]
	Ordinal0 [0x00380FF0+528368]
	Ordinal0 [0x0032D6C9+186057]
	Ordinal0 [0x0032CA3D+182845]
	Ordinal0 [0x0032A94B+174411]
	Ordinal0 [0x00312528+75048]
	Ordinal0 [0x003135A0+79264]
	Ordinal0 [0x00313539+79161]
	Ordinal0 [0x004AD607+1758727]
	GetHandleVerifier [0x006B6546+1050150]
	GetHandleVerifier [0x006B6291+1049457]
	GetHandleVerifier [0x006C10D7+1094071]
	GetHandleVerifier [0x006B6B46+1051686]
	Ordinal0 [0x004A5B06+1727238]
	Ordinal0 [0x004AEB7B+1764219]
	Ordinal0 [0x004AECE3+1764579]
	Ordinal0 [0x004C4C05+1854469]
	BaseThreadInitThunk [0x75AFED6C+18]
	RtlInitializeExceptionChain [0x777737F5+239]
	RtlInitializeExceptionChain [0x777737C8+194]

	at org.openqa.selenium.remote.W3CHandshakeResponse.lambda$errorHandler$0(W3CHandshakeResponse.java:62)
	at org.openqa.selenium.remote.HandshakeResponse.lambda$getResponseFunction$0(HandshakeResponse.java:30)
	at org.openqa.selenium.remote.ProtocolHandshake.lambda$createSession$0(ProtocolHandshake.java:126)
	at java.util.stream.ReferencePipeline$3$1.accept(ReferencePipeline.java:193)
	at java.util.Spliterators$ArraySpliterator.tryAdvance(Spliterators.java:958)
	at java.util.stream.ReferencePipeline.forEachWithCancel(ReferencePipeline.java:126)
	at java.util.stream.AbstractPipeline.copyIntoWithCancel(AbstractPipeline.java:498)
	at java.util.stream.AbstractPipeline.copyInto(AbstractPipeline.java:485)
	at java.util.stream.AbstractPipeline.wrapAndCopyInto(AbstractPipeline.java:471)
	at java.util.stream.FindOps$FindOp.evaluateSequential(FindOps.java:152)
	at java.util.stream.AbstractPipeline.evaluate(AbstractPipeline.java:234)
	at java.util.stream.ReferencePipeline.findFirst(ReferencePipeline.java:464)
	at org.openqa.selenium.remote.ProtocolHandshake.createSession(ProtocolHandshake.java:128)
	at org.openqa.selenium.remote.ProtocolHandshake.createSession(ProtocolHandshake.java:74)
	at org.openqa.selenium.remote.HttpCommandExecutor.execute(HttpCommandExecutor.java:136)
	at org.openqa.selenium.remote.service.DriverCommandExecutor.execute(DriverCommandExecutor.java:83)
	at org.openqa.selenium.remote.RemoteWebDriver.execute(RemoteWebDriver.java:552)
	at org.openqa.selenium.remote.RemoteWebDriver.startSession(RemoteWebDriver.java:213)
	at org.openqa.selenium.remote.RemoteWebDriver.<init>(RemoteWebDriver.java:131)
	at org.openqa.selenium.chrome.ChromeDriver.<init>(ChromeDriver.java:181)
	at org.openqa.selenium.chrome.ChromeDriver.<init>(ChromeDriver.java:168)
	at org.openqa.selenium.chrome.ChromeDriver.<init>(ChromeDriver.java:123)
	at resources.base.initializeDriver(base.java:27)
	at Academy.Homepage.initialize(Homepage.java:23)
... Removed 26 stack frames]]>
    </failure>
  </testcase> <!-- @BeforeTest initialize -->
  <testcase name="@BeforeTest initialize" time="0.0" classname="Academy.Homepage">
    <skipped/>
  </testcase> <!-- @BeforeTest initialize -->
  <testcase name="@BeforeTest initialize" time="0.0" classname="Academy.Homepage">
    <skipped/>
  </testcase> <!-- @BeforeTest initialize -->
  <testcase name="@AfterTest teardown" time="0.0" classname="Academy.Homepage">
    <skipped/>
  </testcase> <!-- @AfterTest teardown -->
  <testcase name="@AfterTest teardown" time="0.0" classname="Academy.Homepage">
    <skipped/>
  </testcase> <!-- @AfterTest teardown -->
  <testcase name="@AfterTest teardown" time="0.0" classname="Academy.Homepage">
    <skipped/>
  </testcase> <!-- @AfterTest teardown -->
  <testcase name="baseNavigation" time="0.001" classname="Academy.ValidateNav">
    <skipped/>
  </testcase> <!-- baseNavigation -->
  <testcase name="baseNavigation" time="0.001" classname="Academy.Homepage">
    <skipped/>
  </testcase> <!-- baseNavigation -->
  <testcase name="baseNavigation" time="0.002" classname="Academy.Homepage">
    <skipped/>
  </testcase> <!-- baseNavigation -->
  <testcase name="baseNavigation" time="0.002" classname="Academy.ValidateTitle">
    <skipped/>
  </testcase> <!-- baseNavigation -->
</testsuite> <!-- Test -->
