<?xml version="1.0" encoding="UTF-8"?>
<!-- Generated by org.testng.reporters.JUnitXMLReporter -->
<testsuite hostname="IPIX-DESK-05" name="ValidateTitle" tests="1" failures="1" timestamp="31 Jul 2020 08:16:53 GMT" time="101.23" errors="0">
  <testcase name="baseNavigation" time="2.311" classname="Academy.ValidateTitle">
    <failure type="junit.framework.ComparisonFailure" message="expected:&amp;lt;FEATURED[] COURSES&amp;gt; but was:&amp;lt;FEATURED[123] COURSES&amp;gt;">
      <![CDATA[junit.framework.ComparisonFailure: expected:<FEATURED[] COURSES> but was:<FEATURED[123] COURSES>
	at junit.framework.Assert.assertEquals(Assert.java:85)
	at junit.framework.Assert.assertEquals(Assert.java:91)
	at Academy.ValidateTitle.baseNavigation(ValidateTitle.java:34)
	at java.util.concurrent.FutureTask.run(FutureTask.java:266)
	at java.util.concurrent.ThreadPoolExecutor.runWorker(ThreadPoolExecutor.java:1149)
	at java.util.concurrent.ThreadPoolExecutor$Worker.run(ThreadPoolExecutor.java:624)
	at java.lang.Thread.run(Thread.java:748)
... Removed 16 stack frames]]>
    </failure>
  </testcase> <!-- baseNavigation -->
</testsuite> <!-- ValidateTitle -->
