<?xml version="1.0" encoding="UTF-8"?>
<!-- Generated by org.testng.reporters.JUnitXMLReporter -->
<testsuite hostname="IPIX-DESK-05" name="Test" tests="4" failures="0" timestamp="27 Jul 2020 12:30:20 GMT" time="260.826" errors="0">
  <testcase name="baseNavigation" time="42.406" classname="Academy.ValidateNav"/>
  <testcase name="baseNavigation" time="60.681" classname="Academy.Homepage"/>
  <testcase name="baseNavigation" time="24.168" classname="Academy.Homepage"/>
  <testcase name="baseNavigation" time="24.025" classname="Academy.ValidateTitle"/>
</testsuite> <!-- Test -->
