<?xml version="1.0" encoding="UTF-8"?>
<testsuite xmlns:xsi="http://www.w3.org/2001/XMLSchema-instance" xsi:noNamespaceSchemaLocation="https://maven.apache.org/surefire/maven-surefire-plugin/xsd/surefire-test-report-3.0.xsd" version="3.0" name="TestSuite" time="71.04" tests="5" errors="0" skipped="0" failures="0">
  <properties>
[...]
</properties>
  <testcase name="baseHead" classname="Academy.ValidateTitle" time="2.419">
    <system-err><![CDATA[ERROR StatusLogger No log4j2 configuration file found. Using default configuration: logging only errors to the console.
Starting ChromeDriver 83.0.4103.39 (ccbf011cb2d2b19b50S6tda8r4t4i4n0g0 4C8h3861342c20cd-refs/branch-heardosm/e4D1r0i3v@e{r #8431.60}.)4 1o0n3 .p3o9r t( c9c1b1f701
1Ocnbl2yd 2lbo1c9abl5 0c6odn8n4e4c4t0i0o4n8s3 8a6r1e3 4a2lcl2o0wcedd-.re
fPsl/ebarsaen cshe-eh eahdtst/p4s1:0/3/@c{h#r4o1m6e}d)r iovne rp.ocrhtr o3m2i3u7m6
.Onolryg /lsoeccaulr ictoyn-nceocntsiiodnesr aatrieo nasl lfoowre ds.ug
gPelsetaisoens on keeping Chro mesDerei vhetrt pssa:f/e/chro.
Starting ChromeDriver 83.0.4103.39 (ccbf011cb2d2b19b506d844400483861342c20cd-refs/branch-heads/4103@{#416}) on port m3e4d3r7i1ve
rO.nclhyr olmoicuaml. ocrogn/nsections are alloewceudr.it
yP-lceaosnes isdeeer ahttitopnss: /f/chromedriver.chromium.org/security-considerations for suggestions on keeping ChromeDriver safe.
or suggestions on keeping ChromeDriver safe.
ChromeDriver was started successfully.
ChromeDriver was started successfully.
ChromeDriver was started successfully.
[1596367886.678][WARNING]: This version of ChromeDriver has not been tested with Chrome version 84.
[1596367888.196][WARNING]: This version of ChromeDriver has not been tested with Chrome version 84.
[1596367888.711][WARNING]: This version of ChromeDriver has not been tested with Chrome version 84.
Aug 02, 2020 5:01:32 PM org.openqa.selenium.remote.ProtocolHandshake createSession
INFO: Detected dialect: W3C
Aug 02, 2020 5:01:32 PM org.openqa.selenium.remote.ProtocolHandshake createSession
INFO: Detected dialect: W3C
Aug 02, 2020 5:01:32 PM org.openqa.selenium.remote.ProtocolHandshake createSession
INFO: Detected dialect: W3C
]]></system-err>
  </testcase>
  <testcase name="baseNavigation" classname="Academy.ValidateTitle" time="3.648"/>
  <testcase name="baseNavigation" classname="Academy.ValidateNav" time="1.988"/>
  <testcase name="baseNavigation[dinu@gmail.com, 123456, Resticted User](1)" classname="Academy.Homepage" time="6.527"/>
  <testcase name="baseNavigation[mon@gmail.com, 1234567, non-Resticted User](2)" classname="Academy.Homepage" time="5.641"/>
</testsuite>