<?xml version="1.0" encoding="UTF-8"?>
<testng-results skipped="0" failed="0" total="0" passed="0">
  <reporter-output>
  </reporter-output>
  <suite name="Suite" duration-ms="440" started-at="2020-08-06T16:39:15Z" finished-at="2020-08-06T16:39:16Z">
    <groups>
      <group name="cucumber">
        <method signature="AbstractTestNGCucumberTests.runScenario(io.cucumber.testng.PickleWrapper, io.cucumber.testng.FeatureWrapper)[pri:0, instance:cucumberOptions.TestRunner@1ca2dfa]" name="runScenario" class="io.cucumber.testng.AbstractTestNGCucumberTests"/>
      </group> <!-- cucumber -->
    </groups>
    <test name="Validating User Login" duration-ms="440" started-at="2020-08-06T16:39:15Z" finished-at="2020-08-06T16:39:16Z">
      <class name="cucumberOptions.TestRunner">
        <test-method status="PASS" signature="setUpClass()[pri:0, instance:cucumberOptions.TestRunner@1ca2dfa]" name="setUpClass" is-config="true" duration-ms="386" started-at="2020-08-06T22:09:15Z" finished-at="2020-08-06T22:09:16Z">
          <reporter-output>
          </reporter-output>
        </test-method> <!-- setUpClass -->
        <test-method status="PASS" signature="tearDownClass()[pri:0, instance:cucumberOptions.TestRunner@1ca2dfa]" name="tearDownClass" is-config="true" duration-ms="27" started-at="2020-08-06T22:09:16Z" finished-at="2020-08-06T22:09:16Z">
          <reporter-output>
          </reporter-output>
        </test-method> <!-- tearDownClass -->
      </class> <!-- cucumberOptions.TestRunner -->
    </test> <!-- Validating User Login -->
  </suite> <!-- Suite -->
</testng-results>
